{
  "stats": {
    "suites": 12,
    "tests": 41,
    "passes": 41,
    "pending": 0,
    "failures": 0,
    "start": "2022-04-22T18:09:31.000Z",
    "end": "2022-04-22T18:09:57.139Z",
    "duration": 26139,
    "testsRegistered": 41,
    "passPercent": 100,
    "pendingPercent": 0,
    "other": 0,
    "hasOther": false,
    "skipped": 0,
    "hasSkipped": false
  },
  "results": [
    {
      "uuid": "cb7bed05-5ec6-4399-aa8a-8f183aaacebe",
      "title": "",
      "fullFile": "cypress/integration/project.spec.js",
      "file": "cypress/integration/project.spec.js",
      "beforeHooks": [],
      "afterHooks": [],
      "tests": [],
      "suites": [
        {
          "uuid": "c93a7c95-43dd-4d1f-9463-dafdf754f002",
          "title": "1 - Adicione à página o título \"Paleta de Cores\".",
          "fullFile": "",
          "file": "",
          "beforeHooks": [],
          "afterHooks": [],
          "tests": [
            {
              "title": "Verifica se contém um elemento `h1` com o id `title` com o título correto",
              "fullTitle": "1 - Adicione à página o título \"Paleta de Cores\". Verifica se contém um elemento `h1` com o id `title` com o título correto",
              "timedOut": null,
              "duration": 294,
              "state": "passed",
              "speed": "slow",
              "pass": true,
              "fail": false,
              "pending": false,
              "context": null,
              "code": "cy.get('h1#title').should('contain.text', 'Paleta de Cores');",
              "err": {},
              "uuid": "fc92096d-0313-409d-ac07-99bec6b98d60",
              "parentUUID": "c93a7c95-43dd-4d1f-9463-dafdf754f002",
              "isHook": false,
              "skipped": false
            }
          ],
          "suites": [],
          "passes": [
            "fc92096d-0313-409d-ac07-99bec6b98d60"
          ],
          "failures": [],
          "pending": [],
          "skipped": [],
          "duration": 294,
          "root": false,
          "rootEmpty": false,
          "_timeout": 2000
        },
        {
          "uuid": "bf2b2d43-ff17-4f75-9b67-7ed840351ee6",
          "title": "2 - Adicione à página uma paleta de quatro cores distintas.",
          "fullFile": "",
          "file": "",
          "beforeHooks": [],
          "afterHooks": [],
          "tests": [
            {
              "title": "A paleta de cores deve ser um elemento com `id` denominado `color-palette` e ter mais de 0px de altura e de largura.",
              "fullTitle": "2 - Adicione à página uma paleta de quatro cores distintas. A paleta de cores deve ser um elemento com `id` denominado `color-palette` e ter mais de 0px de altura e de largura.",
              "timedOut": null,
              "duration": 58,
              "state": "passed",
              "speed": "medium",
              "pass": true,
              "fail": false,
              "pending": false,
              "context": null,
              "code": "cy.get('#color-palette').should('be.visible');\ncy.get('#color-palette').children('.color');",
              "err": {},
              "uuid": "b8464127-63ec-4d8b-9a8c-df946d1c8705",
              "parentUUID": "bf2b2d43-ff17-4f75-9b67-7ed840351ee6",
              "isHook": false,
              "skipped": false
            },
            {
              "title": "Verifica se cada cor individual da paleta de cores possui a `classe` chamada `color`.",
              "fullTitle": "2 - Adicione à página uma paleta de quatro cores distintas. Verifica se cada cor individual da paleta de cores possui a `classe` chamada `color`.",
              "timedOut": null,
              "duration": 50,
              "state": "passed",
              "speed": "medium",
              "pass": true,
              "fail": false,
              "pending": false,
              "context": null,
              "code": "cy.get('.color').should('have.length', 4).then(function (colors) {\n  for (var i = 0; i < colors.length; i++) {\n    cy.wrap(colors[i]).should('be.visible');\n  }\n});",
              "err": {},
              "uuid": "19246f28-621e-4ec7-a6a9-1e5d53e67d4e",
              "parentUUID": "bf2b2d43-ff17-4f75-9b67-7ed840351ee6",
              "isHook": false,
              "skipped": false
            },
            {
              "title": "Verifica se a cor de fundo de cada elemento da paleta é a cor que o elemento representa. **A única cor não permitida na paleta é a cor branca.**",
              "fullTitle": "2 - Adicione à página uma paleta de quatro cores distintas. Verifica se a cor de fundo de cada elemento da paleta é a cor que o elemento representa. **A única cor não permitida na paleta é a cor branca.**",
              "timedOut": null,
              "duration": 59,
              "state": "passed",
              "speed": "medium",
              "pass": true,
              "fail": false,
              "pending": false,
              "context": null,
              "code": "cy.get('.color').each(function (color) {\n  cy.wrap(color).should('have.class', 'color').and('not.have.css', 'background-color', WHITE);\n  cy.wrap(color).should('have.css', 'background-color');\n});",
              "err": {},
              "uuid": "b40c06d3-9ea1-4c55-ad8e-78689995cefc",
              "parentUUID": "bf2b2d43-ff17-4f75-9b67-7ed840351ee6",
              "isHook": false,
              "skipped": false
            },
            {
              "title": "Verifica se cada elemento da paleta de cores tem uma borda preta, sólida e com 1 pixel de largura;",
              "fullTitle": "2 - Adicione à página uma paleta de quatro cores distintas. Verifica se cada elemento da paleta de cores tem uma borda preta, sólida e com 1 pixel de largura;",
              "timedOut": null,
              "duration": 46,
              "state": "passed",
              "speed": "medium",
              "pass": true,
              "fail": false,
              "pending": false,
              "context": null,
              "code": "cy.get('.color').each(function (color) {\n  cy.wrap(color).and('have.css', 'border', \"1px solid \".concat(BLACK)).and('have.class', 'color');\n});",
              "err": {},
              "uuid": "61c99726-328a-422d-b88a-5d6dce7d5550",
              "parentUUID": "bf2b2d43-ff17-4f75-9b67-7ed840351ee6",
              "isHook": false,
              "skipped": false
            },
            {
              "title": "Verifica se a paleta lista todas as cores disponíveis para utilização, lado a lado.",
              "fullTitle": "2 - Adicione à página uma paleta de quatro cores distintas. Verifica se a paleta lista todas as cores disponíveis para utilização, lado a lado.",
              "timedOut": null,
              "duration": 74,
              "state": "passed",
              "speed": "medium",
              "pass": true,
              "fail": false,
              "pending": false,
              "context": null,
              "code": "cy.get('.color').then(function (colors) {\n  for (var index = 1; index < colors.length; index += 1) {\n    var currentColor = colors[index];\n    var previousColor = colors[index - 1];\n    cy.wrap(currentColor).should('be.onTheRightOf', previousColor).and('be.horizontallyAlignedWith', previousColor);\n  }\n});",
              "err": {},
              "uuid": "9f74ff09-0338-42ee-bde5-43210e807f1f",
              "parentUUID": "bf2b2d43-ff17-4f75-9b67-7ed840351ee6",
              "isHook": false,
              "skipped": false
            },
            {
              "title": "Verifica se a paleta de cores está posicionada abaixo do título 'Paleta de Cores'",
              "fullTitle": "2 - Adicione à página uma paleta de quatro cores distintas. Verifica se a paleta de cores está posicionada abaixo do título 'Paleta de Cores'",
              "timedOut": null,
              "duration": 48,
              "state": "passed",
              "speed": "medium",
              "pass": true,
              "fail": false,
              "pending": false,
              "context": null,
              "code": "cy.get('h1#title').then(function (title) {\n  cy.get('#color-palette').should('be.belowOf', title);\n});",
              "err": {},
              "uuid": "c24a3725-7e99-45c2-8b86-e29e8f486708",
              "parentUUID": "bf2b2d43-ff17-4f75-9b67-7ed840351ee6",
              "isHook": false,
              "skipped": false
            },
            {
              "title": "Verifica se a paleta de cores não contém cores repetidas.",
              "fullTitle": "2 - Adicione à página uma paleta de quatro cores distintas. Verifica se a paleta de cores não contém cores repetidas.",
              "timedOut": null,
              "duration": 42,
              "state": "passed",
              "speed": "medium",
              "pass": true,
              "fail": false,
              "pending": false,
              "context": null,
              "code": "cy.get('.color').then(function (colors) {\n  var allColors = Array.from(colors).map(function (color) {\n    return Cypress.$(color).css('background-color');\n  });\n  cy.log(allColors);\n  var uniqColors = (0, _toConsumableArray2[\"default\"])(new Set(allColors));\n  cy.log(uniqColors);\n  expect(allColors.length).to.eq(uniqColors.length);\n});",
              "err": {},
              "uuid": "fbca08f5-cae3-4dd7-b295-69ce89417f0c",
              "parentUUID": "bf2b2d43-ff17-4f75-9b67-7ed840351ee6",
              "isHook": false,
              "skipped": false
            }
          ],
          "suites": [],
          "passes": [
            "b8464127-63ec-4d8b-9a8c-df946d1c8705",
            "19246f28-621e-4ec7-a6a9-1e5d53e67d4e",
            "b40c06d3-9ea1-4c55-ad8e-78689995cefc",
            "61c99726-328a-422d-b88a-5d6dce7d5550",
            "9f74ff09-0338-42ee-bde5-43210e807f1f",
            "c24a3725-7e99-45c2-8b86-e29e8f486708",
            "fbca08f5-cae3-4dd7-b295-69ce89417f0c"
          ],
          "failures": [],
          "pending": [],
          "skipped": [],
          "duration": 377,
          "root": false,
          "rootEmpty": false,
          "_timeout": 2000
        },
        {
          "uuid": "a8f67fc2-1f99-4a4f-80c6-7ecd7acbd15a",
          "title": "3 - Adicione a cor **preta** como a primeira cor da paleta de cores.",
          "fullFile": "",
          "file": "",
          "beforeHooks": [],
          "afterHooks": [],
          "tests": [
            {
              "title": "Verifica se a primeira cor da paleta é preta",
              "fullTitle": "3 - Adicione a cor **preta** como a primeira cor da paleta de cores. Verifica se a primeira cor da paleta é preta",
              "timedOut": null,
              "duration": 50,
              "state": "passed",
              "speed": "medium",
              "pass": true,
              "fail": false,
              "pending": false,
              "context": null,
              "code": "cy.get('.color').first().should('have.css', 'background-color', BLACK);",
              "err": {},
              "uuid": "2c15ac02-b76a-4fab-a045-0a018bc8e608",
              "parentUUID": "a8f67fc2-1f99-4a4f-80c6-7ecd7acbd15a",
              "isHook": false,
              "skipped": false
            },
            {
              "title": "Verifica se as demais cores podem ser escolhidas livremente.",
              "fullTitle": "3 - Adicione a cor **preta** como a primeira cor da paleta de cores. Verifica se as demais cores podem ser escolhidas livremente.",
              "timedOut": null,
              "duration": 94,
              "state": "passed",
              "speed": "slow",
              "pass": true,
              "fail": false,
              "pending": false,
              "context": null,
              "code": "cy.get('.color').eq(1).should('not.have.css', 'background-color', BLACK);\ncy.get('.color').eq(1).should('not.have.css', 'background-color', WHITE);\ncy.get('.color').eq(1).should('not.have.css', 'background-color', 'rgba(0, 0, 0, 0)');\ncy.get('.color').eq(1).should('have.css', 'background-color');\ncy.get('.color').eq(2).should('not.have.css', 'background-color', BLACK);\ncy.get('.color').eq(2).should('not.have.css', 'background-color', WHITE);\ncy.get('.color').eq(2).should('not.have.css', 'background-color', 'rgba(0, 0, 0, 0)');\ncy.get('.color').eq(2).should('have.css', 'background-color');\ncy.get('.color').eq(3).should('not.have.css', 'background-color', BLACK);\ncy.get('.color').eq(3).should('not.have.css', 'background-color', WHITE);\ncy.get('.color').eq(3).should('not.have.css', 'background-color', 'rgba(0, 0, 0, 0)');\ncy.get('.color').eq(3).should('have.css', 'background-color');",
              "err": {},
              "uuid": "d3088a44-f3e8-4ed3-a7a5-e248d532a317",
              "parentUUID": "a8f67fc2-1f99-4a4f-80c6-7ecd7acbd15a",
              "isHook": false,
              "skipped": false
            }
          ],
          "suites": [],
          "passes": [
            "2c15ac02-b76a-4fab-a045-0a018bc8e608",
            "d3088a44-f3e8-4ed3-a7a5-e248d532a317"
          ],
          "failures": [],
          "pending": [],
          "skipped": [],
          "duration": 144,
          "root": false,
          "rootEmpty": false,
          "_timeout": 2000
        },
        {
          "uuid": "e9f9b2be-a134-43f8-ba97-573d8ee172d6",
          "title": "4 - Adicione à página um quadro de pixels, com 25 pixels.",
          "fullFile": "",
          "file": "",
          "beforeHooks": [],
          "afterHooks": [],
          "tests": [
            {
              "title": "Verifica se o quadro de pixels possui o `id` denominado `pixel-board`",
              "fullTitle": "4 - Adicione à página um quadro de pixels, com 25 pixels. Verifica se o quadro de pixels possui o `id` denominado `pixel-board`",
              "timedOut": null,
              "duration": 34,
              "state": "passed",
              "speed": "fast",
              "pass": true,
              "fail": false,
              "pending": false,
              "context": null,
              "code": "cy.get('#pixel-board').should('be.visible');",
              "err": {},
              "uuid": "4e2827aa-da02-4ab2-834f-cd1bed3fdd0c",
              "parentUUID": "e9f9b2be-a134-43f8-ba97-573d8ee172d6",
              "isHook": false,
              "skipped": false
            },
            {
              "title": "Verifica se cada pixel individual dentro do quadro possui a `classe` denominada `pixel`.",
              "fullTitle": "4 - Adicione à página um quadro de pixels, com 25 pixels. Verifica se cada pixel individual dentro do quadro possui a `classe` denominada `pixel`.",
              "timedOut": null,
              "duration": 95,
              "state": "passed",
              "speed": "slow",
              "pass": true,
              "fail": false,
              "pending": false,
              "context": null,
              "code": "cy.get('.pixel').should('have.length', 25);",
              "err": {},
              "uuid": "418257e7-a63c-4286-92c1-06c29328d546",
              "parentUUID": "e9f9b2be-a134-43f8-ba97-573d8ee172d6",
              "isHook": false,
              "skipped": false
            },
            {
              "title": "Verifica se a cor inicial dos pixels dentro do quadro, ao abrir a página, é branca.",
              "fullTitle": "4 - Adicione à página um quadro de pixels, com 25 pixels. Verifica se a cor inicial dos pixels dentro do quadro, ao abrir a página, é branca.",
              "timedOut": null,
              "duration": 68,
              "state": "passed",
              "speed": "medium",
              "pass": true,
              "fail": false,
              "pending": false,
              "context": null,
              "code": "cy.get('.pixel').should('have.length', 25).each(function (pixel) {\n  expect(pixel).to.have.css('background-color', WHITE);\n});",
              "err": {},
              "uuid": "982fe3fc-5da1-4bfa-9b0d-bc22d7a785ea",
              "parentUUID": "e9f9b2be-a134-43f8-ba97-573d8ee172d6",
              "isHook": false,
              "skipped": false
            },
            {
              "title": "Verifica se o quadro de pixels aparece abaixo da paleta de cores",
              "fullTitle": "4 - Adicione à página um quadro de pixels, com 25 pixels. Verifica se o quadro de pixels aparece abaixo da paleta de cores",
              "timedOut": null,
              "duration": 39,
              "state": "passed",
              "speed": "medium",
              "pass": true,
              "fail": false,
              "pending": false,
              "context": null,
              "code": "cy.get('#color-palette').then(function (palette) {\n  cy.get('#pixel-board').should('be.belowOf', palette);\n});",
              "err": {},
              "uuid": "70d16001-6c2b-4590-bd2d-1119e1d621ef",
              "parentUUID": "e9f9b2be-a134-43f8-ba97-573d8ee172d6",
              "isHook": false,
              "skipped": false
            }
          ],
          "suites": [],
          "passes": [
            "4e2827aa-da02-4ab2-834f-cd1bed3fdd0c",
            "418257e7-a63c-4286-92c1-06c29328d546",
            "982fe3fc-5da1-4bfa-9b0d-bc22d7a785ea",
            "70d16001-6c2b-4590-bd2d-1119e1d621ef"
          ],
          "failures": [],
          "pending": [],
          "skipped": [],
          "duration": 236,
          "root": false,
          "rootEmpty": false,
          "_timeout": 2000
        },
        {
          "uuid": "a64ca091-6c1b-40ab-8214-08365a8456f4",
          "title": "5 - Faça com que cada elemento do quadro de pixels possua 40 pixels de largura, 40 pixels de altura e seja delimitado por uma borda preta de 1 pixel.",
          "fullFile": "",
          "file": "",
          "beforeHooks": [],
          "afterHooks": [],
          "tests": [
            {
              "title": "Verifica se o quadro de pixels tem altura e comprimento de 5 elementos",
              "fullTitle": "5 - Faça com que cada elemento do quadro de pixels possua 40 pixels de largura, 40 pixels de altura e seja delimitado por uma borda preta de 1 pixel. Verifica se o quadro de pixels tem altura e comprimento de 5 elementos",
              "timedOut": null,
              "duration": 118,
              "state": "passed",
              "speed": "slow",
              "pass": true,
              "fail": false,
              "pending": false,
              "context": null,
              "code": "cy.get('.pixel').should('have.length', 25).each(function (pixel) {\n  expect(pixel).to.have.css('background-color', WHITE);\n}).and(function (pixels) {\n  var rows = chunk(pixels, 5);\n  rows.forEach(function (row) {\n    for (var index = 1; index < row.length; index += 1) {\n      var current = pixels[index];\n      var previous = pixels[index - 1];\n      cy.wrap(current).should('be.onTheRightOf', previous).and('be.horizontallyAlignedWith', previous);\n    }\n  });\n  for (var index = 1; index < 5; index += 1) {\n    expect(pixels[index * 5]).to.be.belowOf(pixels[(index - 1) * 5]);\n  }\n});",
              "err": {},
              "uuid": "160ed786-a38c-4db7-9cb2-08f1f32211d8",
              "parentUUID": "a64ca091-6c1b-40ab-8214-08365a8456f4",
              "isHook": false,
              "skipped": false
            },
            {
              "title": "Verifica se 40 pixels é o tamanho total do elemento, incluindo seu conteúdo e excluindo a borda preta, que deve ser criada à parte.",
              "fullTitle": "5 - Faça com que cada elemento do quadro de pixels possua 40 pixels de largura, 40 pixels de altura e seja delimitado por uma borda preta de 1 pixel. Verifica se 40 pixels é o tamanho total do elemento, incluindo seu conteúdo e excluindo a borda preta, que deve ser criada à parte.",
              "timedOut": null,
              "duration": 109,
              "state": "passed",
              "speed": "slow",
              "pass": true,
              "fail": false,
              "pending": false,
              "context": null,
              "code": "cy.get('.pixel').each(function (pixel) {\n  cy.wrap(pixel).should('have.css', 'height', '40px').and('have.css', 'width', '40px').and('have.css', 'border', \"1px solid \".concat(BLACK));\n});",
              "err": {},
              "uuid": "4d36f3ab-8ea9-48e9-92d6-93f6c4c803b9",
              "parentUUID": "a64ca091-6c1b-40ab-8214-08365a8456f4",
              "isHook": false,
              "skipped": false
            }
          ],
          "suites": [],
          "passes": [
            "160ed786-a38c-4db7-9cb2-08f1f32211d8",
            "4d36f3ab-8ea9-48e9-92d6-93f6c4c803b9"
          ],
          "failures": [],
          "pending": [],
          "skipped": [],
          "duration": 227,
          "root": false,
          "rootEmpty": false,
          "_timeout": 2000
        },
        {
          "uuid": "2dbfbe87-77bf-4f51-9d86-287c20ae8b53",
          "title": "6 - Defina a cor preta como cor inicial. Ao carregar a página a cor preta já deve estar selecionada para pintar os pixels",
          "fullFile": "",
          "file": "",
          "beforeHooks": [],
          "afterHooks": [],
          "tests": [
            {
              "title": "Verifica se o elemento da cor preta possui, inicialmente, a `classe` `selected`",
              "fullTitle": "6 - Defina a cor preta como cor inicial. Ao carregar a página a cor preta já deve estar selecionada para pintar os pixels Verifica se o elemento da cor preta possui, inicialmente, a `classe` `selected`",
              "timedOut": null,
              "duration": 41,
              "state": "passed",
              "speed": "medium",
              "pass": true,
              "fail": false,
              "pending": false,
              "context": null,
              "code": "cy.get('.selected').first().should('have.css', 'background-color', BLACK);",
              "err": {},
              "uuid": "f8462932-effa-497f-9185-4db5cf595f7f",
              "parentUUID": "2dbfbe87-77bf-4f51-9d86-287c20ae8b53",
              "isHook": false,
              "skipped": false
            },
            {
              "title": "Verifica se nenhuma outra cor da paleta tem a `classe` `selected`",
              "fullTitle": "6 - Defina a cor preta como cor inicial. Ao carregar a página a cor preta já deve estar selecionada para pintar os pixels Verifica se nenhuma outra cor da paleta tem a `classe` `selected`",
              "timedOut": null,
              "duration": 41,
              "state": "passed",
              "speed": "medium",
              "pass": true,
              "fail": false,
              "pending": false,
              "context": null,
              "code": "cy.get('.color:not(:first-child)').each(function (color) {\n  cy.wrap(color).should('not.have.class', 'selected');\n});",
              "err": {},
              "uuid": "1d3dfdb2-6fbf-40c9-b8de-8d2e572a32da",
              "parentUUID": "2dbfbe87-77bf-4f51-9d86-287c20ae8b53",
              "isHook": false,
              "skipped": false
            }
          ],
          "suites": [],
          "passes": [
            "f8462932-effa-497f-9185-4db5cf595f7f",
            "1d3dfdb2-6fbf-40c9-b8de-8d2e572a32da"
          ],
          "failures": [],
          "pending": [],
          "skipped": [],
          "duration": 82,
          "root": false,
          "rootEmpty": false,
          "_timeout": 2000
        },
        {
          "uuid": "0ce66fa7-293b-4cc8-9746-89ea22b9a3ef",
          "title": "7 - Clicar em uma das cores da paleta, faz com que ela seja selecionada e utilizada para preencher os pixels no quadro.",
          "fullFile": "",
          "file": "",
          "beforeHooks": [],
          "afterHooks": [],
          "tests": [
            {
              "title": "Verifica se somente uma cor da paleta de cores tem a classe `selected` de cada vez",
              "fullTitle": "7 - Clicar em uma das cores da paleta, faz com que ela seja selecionada e utilizada para preencher os pixels no quadro. Verifica se somente uma cor da paleta de cores tem a classe `selected` de cada vez",
              "timedOut": null,
              "duration": 355,
              "state": "passed",
              "speed": "slow",
              "pass": true,
              "fail": false,
              "pending": false,
              "context": null,
              "code": "cy.get('.color').each(function (selectedColor, selectedColorIndex) {\n  cy.wrap(selectedColor).click();\n  cy.get('.color').each(function (color, colorIndex) {\n    if (colorIndex === selectedColorIndex) {\n      expect(color).to.have[\"class\"]('selected');\n    } else {\n      expect(color).not.to.have[\"class\"]('selected');\n    }\n  });\n});",
              "err": {},
              "uuid": "03c17680-3aa8-4f06-be81-bb9d5d8b80e4",
              "parentUUID": "0ce66fa7-293b-4cc8-9746-89ea22b9a3ef",
              "isHook": false,
              "skipped": false
            },
            {
              "title": "Verifica se os pixels dentro do quadro não têm a classe `selected` quando são clicados",
              "fullTitle": "7 - Clicar em uma das cores da paleta, faz com que ela seja selecionada e utilizada para preencher os pixels no quadro. Verifica se os pixels dentro do quadro não têm a classe `selected` quando são clicados",
              "timedOut": null,
              "duration": 7587,
              "state": "passed",
              "speed": "slow",
              "pass": true,
              "fail": false,
              "pending": false,
              "context": null,
              "code": "cy.get('.color').each(function (color) {\n  var backgroundColor = color.css('background-color');\n  cy.wrap(color).click();\n  cy.get('.pixel').each(function (pixel) {\n    cy.wrap(pixel).click().should('not.have.class', 'selected');\n  });\n});",
              "err": {},
              "uuid": "91c64a6d-d223-4081-aea3-38ae4a9fb612",
              "parentUUID": "0ce66fa7-293b-4cc8-9746-89ea22b9a3ef",
              "isHook": false,
              "skipped": false
            }
          ],
          "suites": [],
          "passes": [
            "03c17680-3aa8-4f06-be81-bb9d5d8b80e4",
            "91c64a6d-d223-4081-aea3-38ae4a9fb612"
          ],
          "failures": [],
          "pending": [],
          "skipped": [],
          "duration": 7942,
          "root": false,
          "rootEmpty": false,
          "_timeout": 2000
        },
        {
          "uuid": "52f7c053-1482-4723-953c-f565bb929b25",
          "title": "8 - Clicar em um pixel dentro do quadro após selecionar uma cor na paleta, faz com que o pixel seja preenchido com a cor selecionada.",
          "fullFile": "",
          "file": "",
          "beforeHooks": [],
          "afterHooks": [],
          "tests": [
            {
              "title": "Verifica se ao carregar a página deve ser possível pintar os pixels de preto",
              "fullTitle": "8 - Clicar em um pixel dentro do quadro após selecionar uma cor na paleta, faz com que o pixel seja preenchido com a cor selecionada. Verifica se ao carregar a página deve ser possível pintar os pixels de preto",
              "timedOut": null,
              "duration": 1868,
              "state": "passed",
              "speed": "slow",
              "pass": true,
              "fail": false,
              "pending": false,
              "context": null,
              "code": "cy.get('.pixel').each(function (pixel) {\n  cy.wrap(pixel).click().should('have.css', 'background-color', BLACK);\n});",
              "err": {},
              "uuid": "a38a4f0a-6e90-4389-87b6-aa525476f30e",
              "parentUUID": "52f7c053-1482-4723-953c-f565bb929b25",
              "isHook": false,
              "skipped": false
            },
            {
              "title": "Verifica se após selecionar uma outra cor na paleta, é possível pintar os pixels com essa cor",
              "fullTitle": "8 - Clicar em um pixel dentro do quadro após selecionar uma cor na paleta, faz com que o pixel seja preenchido com a cor selecionada. Verifica se após selecionar uma outra cor na paleta, é possível pintar os pixels com essa cor",
              "timedOut": null,
              "duration": 7547,
              "state": "passed",
              "speed": "slow",
              "pass": true,
              "fail": false,
              "pending": false,
              "context": null,
              "code": "cy.get('.color').each(function (color) {\n  var backgroundColor = color.css('background-color');\n  cy.wrap(color).click();\n  cy.get('.pixel').each(function (pixel) {\n    cy.wrap(pixel).click().should('have.css', 'background-color', backgroundColor);\n  });\n});",
              "err": {},
              "uuid": "bcf9f7ea-4947-46d6-9f64-aa04b919a40a",
              "parentUUID": "52f7c053-1482-4723-953c-f565bb929b25",
              "isHook": false,
              "skipped": false
            },
            {
              "title": "Verifica se somente o pixel que foi clicado foi preenchido com a cor selecionada, sem influenciar na cor dos demais pixels.",
              "fullTitle": "8 - Clicar em um pixel dentro do quadro após selecionar uma cor na paleta, faz com que o pixel seja preenchido com a cor selecionada. Verifica se somente o pixel que foi clicado foi preenchido com a cor selecionada, sem influenciar na cor dos demais pixels.",
              "timedOut": null,
              "duration": 842,
              "state": "passed",
              "speed": "slow",
              "pass": true,
              "fail": false,
              "pending": false,
              "context": null,
              "code": "var colorToPixelIndexMap = {\n  0: 6,\n  1: 8,\n  2: 16,\n  3: 18\n};\ncy.get('.color').each(function (color, index) {\n  cy.wrap(color).click();\n  var backgroundColor = color.css('background-color');\n  var clickedPixelIndex = colorToPixelIndexMap[index];\n  cy.get('.pixel').eq(clickedPixelIndex).click();\n  cy.get('.pixel').eq(clickedPixelIndex - 1).should('not.have.css', 'background-color', backgroundColor);\n  cy.get('.pixel').eq(clickedPixelIndex + 1).should('not.have.css', 'background-color', backgroundColor);\n  cy.get('.pixel').eq(clickedPixelIndex - 5).should('not.have.css', 'background-color', backgroundColor);\n  cy.get('.pixel').eq(clickedPixelIndex + 5).should('not.have.css', 'background-color', backgroundColor);\n  cy.get('.pixel').eq(clickedPixelIndex - 6).should('not.have.css', 'background-color', backgroundColor);\n  cy.get('.pixel').eq(clickedPixelIndex - 4).should('not.have.css', 'background-color', backgroundColor);\n  cy.get('.pixel').eq(clickedPixelIndex + 4).should('not.have.css', 'background-color', backgroundColor);\n  cy.get('.pixel').eq(clickedPixelIndex + 6).should('not.have.css', 'background-color', backgroundColor);\n});",
              "err": {},
              "uuid": "6407b30a-bf11-400b-96e4-5c722a936ff5",
              "parentUUID": "52f7c053-1482-4723-953c-f565bb929b25",
              "isHook": false,
              "skipped": false
            }
          ],
          "suites": [],
          "passes": [
            "a38a4f0a-6e90-4389-87b6-aa525476f30e",
            "bcf9f7ea-4947-46d6-9f64-aa04b919a40a",
            "6407b30a-bf11-400b-96e4-5c722a936ff5"
          ],
          "failures": [],
          "pending": [],
          "skipped": [],
          "duration": 10257,
          "root": false,
          "rootEmpty": false,
          "_timeout": 2000
        },
        {
          "uuid": "3b5f677c-4699-4420-9f21-8b2b90fec793",
          "title": "9 - Crie um botão que, ao ser clicado, limpa o quadro preenchendo a cor de todos seus pixels com branco.",
          "fullFile": "",
          "file": "",
          "beforeHooks": [],
          "afterHooks": [],
          "tests": [
            {
              "title": "Verifica se o botão tem o `id` denominado `clear-board`",
              "fullTitle": "9 - Crie um botão que, ao ser clicado, limpa o quadro preenchendo a cor de todos seus pixels com branco. Verifica se o botão tem o `id` denominado `clear-board`",
              "timedOut": null,
              "duration": 47,
              "state": "passed",
              "speed": "medium",
              "pass": true,
              "fail": false,
              "pending": false,
              "context": null,
              "code": "cy.get('#clear-board').should('be.visible');",
              "err": {},
              "uuid": "44d27ba4-a40e-477c-b0e9-931f22a89944",
              "parentUUID": "3b5f677c-4699-4420-9f21-8b2b90fec793",
              "isHook": false,
              "skipped": false
            },
            {
              "title": "Verifica se o botão está posicionado entre a paleta de cores e o quadro de pixels",
              "fullTitle": "9 - Crie um botão que, ao ser clicado, limpa o quadro preenchendo a cor de todos seus pixels com branco. Verifica se o botão está posicionado entre a paleta de cores e o quadro de pixels",
              "timedOut": null,
              "duration": 38,
              "state": "passed",
              "speed": "medium",
              "pass": true,
              "fail": false,
              "pending": false,
              "context": null,
              "code": "cy.get('#color-palette').then(function (palette) {\n  cy.get('#clear-board').should('be.belowOf', palette);\n});\ncy.get('#clear-board').then(function (clearBtn) {\n  cy.get('#pixel-board').should('be.belowOf', clearBtn);\n});",
              "err": {},
              "uuid": "8c40efba-75d2-42e3-93f5-51109882901b",
              "parentUUID": "3b5f677c-4699-4420-9f21-8b2b90fec793",
              "isHook": false,
              "skipped": false
            },
            {
              "title": "Verifica se o texto do botão é 'Limpar'",
              "fullTitle": "9 - Crie um botão que, ao ser clicado, limpa o quadro preenchendo a cor de todos seus pixels com branco. Verifica se o texto do botão é 'Limpar'",
              "timedOut": null,
              "duration": 73,
              "state": "passed",
              "speed": "medium",
              "pass": true,
              "fail": false,
              "pending": false,
              "context": null,
              "code": "cy.get('#clear-board').should('contain.text', 'Limpar');",
              "err": {},
              "uuid": "f18d79ad-97b5-481a-89af-6856beb19c73",
              "parentUUID": "3b5f677c-4699-4420-9f21-8b2b90fec793",
              "isHook": false,
              "skipped": false
            },
            {
              "title": "Verifica se ao clicar no botão, o quadro de pixels é totalmente preenchido de branco",
              "fullTitle": "9 - Crie um botão que, ao ser clicado, limpa o quadro preenchendo a cor de todos seus pixels com branco. Verifica se ao clicar no botão, o quadro de pixels é totalmente preenchido de branco",
              "timedOut": null,
              "duration": 2041,
              "state": "passed",
              "speed": "slow",
              "pass": true,
              "fail": false,
              "pending": false,
              "context": null,
              "code": "cy.get('.color').eq(1).then(function (color) {\n  var backgroundColor = color.css('background-color');\n  cy.wrap(color).click();\n  cy.get('.pixel').each(function (pixel) {\n    cy.wrap(pixel).click().should('have.css', 'background-color', backgroundColor);\n  });\n});\ncy.get('#clear-board').click();\ncy.get('.pixel').each(function (pixel) {\n  cy.wrap(pixel).should('have.css', 'background-color', WHITE);\n});",
              "err": {},
              "uuid": "7134c545-b147-44b3-a29e-28d2ab8f27c7",
              "parentUUID": "3b5f677c-4699-4420-9f21-8b2b90fec793",
              "isHook": false,
              "skipped": false
            }
          ],
          "suites": [],
          "passes": [
            "44d27ba4-a40e-477c-b0e9-931f22a89944",
            "8c40efba-75d2-42e3-93f5-51109882901b",
            "f18d79ad-97b5-481a-89af-6856beb19c73",
            "7134c545-b147-44b3-a29e-28d2ab8f27c7"
          ],
          "failures": [],
          "pending": [],
          "skipped": [],
          "duration": 2199,
          "root": false,
          "rootEmpty": false,
          "_timeout": 2000
        },
        {
          "uuid": "d8b078fd-83e0-4f4e-b0e8-321503db366a",
          "title": "10 - Faça o quadro de pixels ter seu tamanho definido pelo usuário.",
          "fullFile": "",
          "file": "",
          "beforeHooks": [],
          "afterHooks": [],
          "tests": [
            {
              "title": "Verifica se existe um input com o id `board-size`",
              "fullTitle": "10 - Faça o quadro de pixels ter seu tamanho definido pelo usuário. Verifica se existe um input com o id `board-size`",
              "timedOut": null,
              "duration": 62,
              "state": "passed",
              "speed": "medium",
              "pass": true,
              "fail": false,
              "pending": false,
              "context": null,
              "code": "cy.get('#board-size').should('be.visible');",
              "err": {},
              "uuid": "b9561b46-2051-40f3-bf04-5578506570ee",
              "parentUUID": "d8b078fd-83e0-4f4e-b0e8-321503db366a",
              "isHook": false,
              "skipped": false
            },
            {
              "title": "Verifica se existe um botão com o id `generate-board`",
              "fullTitle": "10 - Faça o quadro de pixels ter seu tamanho definido pelo usuário. Verifica se existe um botão com o id `generate-board`",
              "timedOut": null,
              "duration": 29,
              "state": "passed",
              "speed": "fast",
              "pass": true,
              "fail": false,
              "pending": false,
              "context": null,
              "code": "cy.get('#generate-board').should('be.visible');",
              "err": {},
              "uuid": "6b5dd91d-c569-41cf-bfa9-fe2ba0a771e5",
              "parentUUID": "d8b078fd-83e0-4f4e-b0e8-321503db366a",
              "isHook": false,
              "skipped": false
            },
            {
              "title": "Verifica se o input só aceita número maiores que zero. Essa restrição deve ser feita usando os atributos do elemento `input`",
              "fullTitle": "10 - Faça o quadro de pixels ter seu tamanho definido pelo usuário. Verifica se o input só aceita número maiores que zero. Essa restrição deve ser feita usando os atributos do elemento `input`",
              "timedOut": null,
              "duration": 74,
              "state": "passed",
              "speed": "medium",
              "pass": true,
              "fail": false,
              "pending": false,
              "context": null,
              "code": "cy.get('#board-size[type=\\'number\\'][min=\\'1\\']');",
              "err": {},
              "uuid": "34f58d69-5cf1-431b-ab85-da4cb54f6373",
              "parentUUID": "d8b078fd-83e0-4f4e-b0e8-321503db366a",
              "isHook": false,
              "skipped": false
            },
            {
              "title": "Verifica se o botão contém o texto 'VQV'",
              "fullTitle": "10 - Faça o quadro de pixels ter seu tamanho definido pelo usuário. Verifica se o botão contém o texto 'VQV'",
              "timedOut": null,
              "duration": 73,
              "state": "passed",
              "speed": "medium",
              "pass": true,
              "fail": false,
              "pending": false,
              "context": null,
              "code": "cy.get('#generate-board').contains(/vqv/i);",
              "err": {},
              "uuid": "5b82b189-08cb-4d75-b7ee-d4b9d553524a",
              "parentUUID": "d8b078fd-83e0-4f4e-b0e8-321503db366a",
              "isHook": false,
              "skipped": false
            },
            {
              "title": "Verifica se o input está posicionado entre a paleta de cores e o quadro de pixels",
              "fullTitle": "10 - Faça o quadro de pixels ter seu tamanho definido pelo usuário. Verifica se o input está posicionado entre a paleta de cores e o quadro de pixels",
              "timedOut": null,
              "duration": 36,
              "state": "passed",
              "speed": "fast",
              "pass": true,
              "fail": false,
              "pending": false,
              "context": null,
              "code": "cy.get('#color-palette').then(function (palette) {\n  cy.get('#board-size').should('be.belowOf', palette);\n});\ncy.get('#board-size').then(function (palette) {\n  cy.get('#pixel-board').should('be.belowOf', palette);\n});",
              "err": {},
              "uuid": "d87e249b-4fb3-453b-99b7-ab723e2f79b5",
              "parentUUID": "d8b078fd-83e0-4f4e-b0e8-321503db366a",
              "isHook": false,
              "skipped": false
            },
            {
              "title": "Verifica se o botão está posicionado ao lado do input",
              "fullTitle": "10 - Faça o quadro de pixels ter seu tamanho definido pelo usuário. Verifica se o botão está posicionado ao lado do input",
              "timedOut": null,
              "duration": 40,
              "state": "passed",
              "speed": "medium",
              "pass": true,
              "fail": false,
              "pending": false,
              "context": null,
              "code": "cy.get('#board-size').then(function (board) {\n  cy.get('#generate-board').should('be.onTheRightOf', board);\n});",
              "err": {},
              "uuid": "b493dcb6-8c53-48fe-91ac-afde9995faad",
              "parentUUID": "d8b078fd-83e0-4f4e-b0e8-321503db366a",
              "isHook": false,
              "skipped": false
            },
            {
              "title": "Verifica se nenhum valor for colocado no input ao clicar no botão, um `alert` é exibido com o texto: 'Board inválido!'",
              "fullTitle": "10 - Faça o quadro de pixels ter seu tamanho definido pelo usuário. Verifica se nenhum valor for colocado no input ao clicar no botão, um `alert` é exibido com o texto: 'Board inválido!'",
              "timedOut": null,
              "duration": 113,
              "state": "passed",
              "speed": "slow",
              "pass": true,
              "fail": false,
              "pending": false,
              "context": null,
              "code": "var alerted = false;\ncy.on('window:alert', function (msg) {\n  return alerted = msg;\n});\ncy.get('#generate-board').click().then(function () {\n  return expect(alerted).to.match(/Board inválido!/i);\n});",
              "err": {},
              "uuid": "082d3139-6e8f-4ec1-9e41-b9897fe54bee",
              "parentUUID": "d8b078fd-83e0-4f4e-b0e8-321503db366a",
              "isHook": false,
              "skipped": false
            },
            {
              "title": "Verifica se ao clicar no botão com um valor preenchido, o tamanho do board muda.",
              "fullTitle": "10 - Faça o quadro de pixels ter seu tamanho definido pelo usuário. Verifica se ao clicar no botão com um valor preenchido, o tamanho do board muda.",
              "timedOut": null,
              "duration": 384,
              "state": "passed",
              "speed": "slow",
              "pass": true,
              "fail": false,
              "pending": false,
              "context": null,
              "code": "cy.get('#board-size').clear().type(10);\ncy.get('#generate-board').click();\ncy.get('.pixel').should('have.length', 100);",
              "err": {},
              "uuid": "04f3afa2-81bf-4ef0-b04f-dcca62d70a4f",
              "parentUUID": "d8b078fd-83e0-4f4e-b0e8-321503db366a",
              "isHook": false,
              "skipped": false
            },
            {
              "title": "Verifica se o novo quadro tem todos os pixels preenchidos com a cor branca",
              "fullTitle": "10 - Faça o quadro de pixels ter seu tamanho definido pelo usuário. Verifica se o novo quadro tem todos os pixels preenchidos com a cor branca",
              "timedOut": null,
              "duration": 346,
              "state": "passed",
              "speed": "slow",
              "pass": true,
              "fail": false,
              "pending": false,
              "context": null,
              "code": "cy.get('#board-size').clear().type(6);\ncy.get('#generate-board').click();\ncy.get('.pixel').should('have.length', 36).each(function (pixel) {\n  expect(pixel).to.have.css('background-color', WHITE);\n});",
              "err": {},
              "uuid": "84d54a3d-7e1f-4692-8631-271e2ea4b7cb",
              "parentUUID": "d8b078fd-83e0-4f4e-b0e8-321503db366a",
              "isHook": false,
              "skipped": false
            }
          ],
          "suites": [],
          "passes": [
            "b9561b46-2051-40f3-bf04-5578506570ee",
            "6b5dd91d-c569-41cf-bfa9-fe2ba0a771e5",
            "34f58d69-5cf1-431b-ab85-da4cb54f6373",
            "5b82b189-08cb-4d75-b7ee-d4b9d553524a",
            "d87e249b-4fb3-453b-99b7-ab723e2f79b5",
            "b493dcb6-8c53-48fe-91ac-afde9995faad",
            "082d3139-6e8f-4ec1-9e41-b9897fe54bee",
            "04f3afa2-81bf-4ef0-b04f-dcca62d70a4f",
            "84d54a3d-7e1f-4692-8631-271e2ea4b7cb"
          ],
          "failures": [],
          "pending": [],
          "skipped": [],
          "duration": 1157,
          "root": false,
          "rootEmpty": false,
          "_timeout": 2000
        },
        {
          "uuid": "d8cd2117-a563-4c69-b0de-e93298ac5c8c",
          "title": "11 - Limite o tamanho mínimo e máximo do board.",
          "fullFile": "",
          "file": "",
          "beforeHooks": [],
          "afterHooks": [],
          "tests": [
            {
              "title": "Verifica se a altura máxima do board é 50",
              "fullTitle": "11 - Limite o tamanho mínimo e máximo do board. Verifica se a altura máxima do board é 50",
              "timedOut": null,
              "duration": 937,
              "state": "passed",
              "speed": "slow",
              "pass": true,
              "fail": false,
              "pending": false,
              "context": null,
              "code": "cy.get('#board-size').clear().type(50);\ncy.get('#generate-board').click();\ncy.get('.pixel').should('have.length', 2500);",
              "err": {},
              "uuid": "f98c234a-b73b-47f3-b3ac-41596f151820",
              "parentUUID": "d8cd2117-a563-4c69-b0de-e93298ac5c8c",
              "isHook": false,
              "skipped": false
            },
            {
              "title": "Verifica se a altura do board é 5 quando um valor menor é colocado no input",
              "fullTitle": "11 - Limite o tamanho mínimo e máximo do board. Verifica se a altura do board é 5 quando um valor menor é colocado no input",
              "timedOut": null,
              "duration": 359,
              "state": "passed",
              "speed": "slow",
              "pass": true,
              "fail": false,
              "pending": false,
              "context": null,
              "code": "cy.get('#board-size').clear().type(4);\ncy.get('#generate-board').click();\ncy.get('.pixel').should('have.length', 25);",
              "err": {},
              "uuid": "ca440b35-4583-4a42-b77b-d34c9f2ba981",
              "parentUUID": "d8cd2117-a563-4c69-b0de-e93298ac5c8c",
              "isHook": false,
              "skipped": false
            },
            {
              "title": "Verifica se a altura do board é 50 quando um valor maior é colocado no input",
              "fullTitle": "11 - Limite o tamanho mínimo e máximo do board. Verifica se a altura do board é 50 quando um valor maior é colocado no input",
              "timedOut": null,
              "duration": 907,
              "state": "passed",
              "speed": "slow",
              "pass": true,
              "fail": false,
              "pending": false,
              "context": null,
              "code": "cy.get('#board-size').clear().type(51);\ncy.get('#generate-board').click();\ncy.get('.pixel').should('have.length', 2500);",
              "err": {},
              "uuid": "379f038b-a175-491c-889e-ef914a39f4db",
              "parentUUID": "d8cd2117-a563-4c69-b0de-e93298ac5c8c",
              "isHook": false,
              "skipped": false
            }
          ],
          "suites": [],
          "passes": [
            "f98c234a-b73b-47f3-b3ac-41596f151820",
            "ca440b35-4583-4a42-b77b-d34c9f2ba981",
            "379f038b-a175-491c-889e-ef914a39f4db"
          ],
          "failures": [],
          "pending": [],
          "skipped": [],
          "duration": 2203,
          "root": false,
          "rootEmpty": false,
          "_timeout": 2000
        },
        {
          "uuid": "abfad26e-c94f-413d-ba61-cf5c17facfc8",
          "title": "12 - Faça com que as cores da paleta sejam geradas aleatoriamente ao carregar a página.",
          "fullFile": "",
          "file": "",
          "beforeHooks": [],
          "afterHooks": [],
          "tests": [
            {
              "title": "Verifica se as cores geradas na paleta são diferentes a cada carregamento da página",
              "fullTitle": "12 - Faça com que as cores da paleta sejam geradas aleatoriamente ao carregar a página. Verifica se as cores geradas na paleta são diferentes a cada carregamento da página",
              "timedOut": null,
              "duration": 271,
              "state": "passed",
              "speed": "slow",
              "pass": true,
              "fail": false,
              "pending": false,
              "context": null,
              "code": "cy.get('.color').then(function (colors) {\n  var currentColors;\n  var previousColors;\n  previousColors = Array.from(colors).map(function (color) {\n    return Cypress.$(color).css('background-color');\n  });\n  for (var i = 0; i < 5; i += 1) {\n    cy.reload();\n    cy.get('.color').then(function (colors) {\n      currentColors = Array.from(colors).map(function (color) {\n        return Cypress.$(color).css('background-color');\n      });\n      expect(currentColors).not.to.deep.equal(previousColors);\n      previousColors = currentColors;\n    });\n  }\n});",
              "err": {},
              "uuid": "a29e3542-675b-4fc0-a477-d87ead9526ab",
              "parentUUID": "abfad26e-c94f-413d-ba61-cf5c17facfc8",
              "isHook": false,
              "skipped": false
            },
            {
              "title": "Verifica se a cor preta ainda está presente e é a primeira na sua paleta de cores",
              "fullTitle": "12 - Faça com que as cores da paleta sejam geradas aleatoriamente ao carregar a página. Verifica se a cor preta ainda está presente e é a primeira na sua paleta de cores",
              "timedOut": null,
              "duration": 282,
              "state": "passed",
              "speed": "slow",
              "pass": true,
              "fail": false,
              "pending": false,
              "context": null,
              "code": "cy.get('.color').then(function (colors) {\n  var currentColors;\n  var previousColors;\n  previousColors = Array.from(colors).map(function (color) {\n    return Cypress.$(color).css('background-color');\n  });\n  expect(previousColors[0]).to.eq(BLACK);\n  for (var i = 0; i < 5; i += 1) {\n    cy.reload();\n    cy.get('.color').then(function (colors) {\n      currentColors = Array.from(colors).map(function (color) {\n        return Cypress.$(color).css('background-color');\n      });\n      expect(currentColors[0]).to.eq(BLACK);\n      expect(currentColors).not.to.deep.equal(previousColors);\n      previousColors = currentColors;\n    });\n  }\n});",
              "err": {},
              "uuid": "f5bd07a0-7452-466d-b661-3ef810060599",
              "parentUUID": "abfad26e-c94f-413d-ba61-cf5c17facfc8",
              "isHook": false,
              "skipped": false
            }
          ],
          "suites": [],
          "passes": [
            "a29e3542-675b-4fc0-a477-d87ead9526ab",
            "f5bd07a0-7452-466d-b661-3ef810060599"
          ],
          "failures": [],
          "pending": [],
          "skipped": [],
          "duration": 553,
          "root": false,
          "rootEmpty": false,
          "_timeout": 2000
        }
      ],
      "passes": [],
      "failures": [],
      "pending": [],
      "skipped": [],
      "duration": 0,
      "root": true,
      "rootEmpty": true,
      "_timeout": 2000
    }
  ],
  "meta": {
    "mocha": {
      "version": "7.0.1"
    },
    "mochawesome": {
      "options": {
        "quiet": false,
        "reportFilename": "mochawesome",
        "saveHtml": false,
        "saveJson": true,
        "consoleReporter": "spec",
        "useInlineDiffs": false
      },
      "version": "4.1.0"
    },
    "marge": {
      "options": {
        "id": "default",
        "reportDir": "cypress/reports",
        "overwrite": true,
        "html": false,
        "json": true
      },
      "version": "4.1.0"
    }
  }
}